We already met us
Re@@
If you leave, but I go to college
Tom must get up with Mary
Tom did as much as he didn
Tom read what he would like to pay for the money.
Where are you in this alone?
No.
We don't know it?
You're not too worried.
Sami has cried.
I'm English.
Take.
Tom came.
I like milk and bread
I have to speak to him alone
Tom broke the window.
Mary has respect food.
If I were you, I wouldn't do that.
Re@@
That's his first day
We had lunch in the meeting room.
She has no sense to me.
Bob helped me.
Tom looked out of the window.
I want you to answer Tom.
The!
We're watching the hands.
He knows how he is his shirt
My watch is very exactly
It's only a dream.
If he wouldn't see so much time, he would like more time.
They found the truth.
Tom asked too many questions.
Do you want me to go?
Tom said he didn't have to go home.
I've been waiting for my coffee.
I believe you.
Open the bed.
Can Tom swim well?
It was just a job
Tom ate with Mary.
We made up.
Mary has no respect for them.
She has a lawyer.
This country is the next family.
Tom looked to sleep.
I understand with you well.
You talk about her problems.
I hope you pass
In this for him.
He looks like your brother.
Everyone has been trying to talk to her feelings about her feelings.
Re@@
A old man has made up to live in the world
He fell and eggs.
Our mom is gone.
We can't ask it without a lot and I can't come.
Tom is from here.
Tom was desperate.
Please do a language.
Do you have a good friend of a good friend
Let me help you
We have a found
It would better be better if you had nothing to do.
Did you change Tom up?
Why don't you like Tom?
It's dangerous.
She left the cat on the cat.
Tom is very rich,
The fact.
Mary didn't know Tom.
I listen to help you.
Re@@
Did you see the accident?
The c@@
I'll wait here until she back.
Mary said that she was unved.
We're see today.
I'll give you this.
It's a big hospital.
I thought he would my brother.
She's up.
You're shoes shoes
Everything was only a joke.
She looks like an actress.
I still still have your key
I wish she stopped talking.
Mary told Tom that she thought John was right.
Tom is new rious.
Are you here now?
How beautiful you are!
Please leave my mind, please.
Is the television?
She has the boy.
Mary is not alone.
It was so hot that I'd like to see him.
Do you know who he was?
A I can't wait.
That's a secret.
I told me a movie.
Why do Tom have to go?
Tom told me that he was hungry
Both girl wants to go to college.
We tried to see you.
It's Tom's re@@
Tom has the best of his father.
If you have your books in school.
This is a fool.
Don't tell me that she didn't like each other.
I'm not good.
Tom seems to be mad
I made the best time to Japan.
Let's meet to each other.
Tom c@@
I can't find my watch
I can't help you
You're angry!
Tom has a mistake.
.
Tom and Mary told John that they thought Alice was asleep.
You're everything with me in the world.
She fell asleep in the grass
E@@
He'd prefer a job in the hill.
It's only little paper left.
This rule is very beautiful.
.
Is it something stupid?
He's very polite.
Tom is incompetent.
Tom and Mary told John that they didn't like Alice.
Tom was the whole day.
All of our clothes are we.
Keep your friend for your girlfriend
This is the same.
?
Is you a good piano?
The government of the election of an election.
Now it's good.
"Tom can!
How do you like your students?
Maybe Tom must help Mary
The re@@
Tom was moved by Mary.
That's just kidding.
What if it looks like a girl in the world?
You should be teacher
Well.
Tom c@@
If you don't have a life of your life.
I've been waiting for a secret.
Live of water and light.
You're in the past.
The balert are very close.
The re@@
Tom is out with me.
She has a room and he has hurt
I bought my umbrella to the station.
You're important.
My dog hurt the grass
Tom called Mary her success.
When will you visit me again
Tom has a shape.
There are Japanese in Japan in Japan.
How many people are in a c@@
Did you get my best?
Mary looks really pretty.
Tom didn't talk.
Tom worked back.
You don't have to be careful about the cold.
I'm too tors.
He didn't have long more for them.
What did Tom and Mary only do that?
Everything you have to do,
I'm so jealous!
Tom wants to buy that again.
The?
Tom's health is hard.
Tom asked me to ask you something.
At a
With the palace of the palace of the dark.
Tom has been carried today.
The?
Why
The shower is too nice, but you can't believe it
What house is
Do you like me?
I don't speak Japanese.
I saw him with a other woman
A
There's no money in this room.
Is it hard to learn French?
Tell me how you are.
Don't make me as soon as
He doesn't drink beer.
Where were you from an hour?
Come and help me!
Tom lives in a supermarket.
Tom looked at his place.
The re@@
A good one is one of boy in the valley and sexes.
Can I keep your hand?
Tom is trying to be someone for anyone
A lot people came to ask.
I'm watching you.
The patient isn't alone.
You remember him again?
What an time
Tom is clearing up.
I want to go to Japan
The boy who wants to play my little brother.
It's important for you to learn a foreign language
Tom knew what to do
She's not true.
He picked up when the next stop in the park.
Brules p@@
This is one of the world today.
I'll show Boston when I'm done with work.
Tom isn't all,
I think we can help
Everyone likes him.
Tom and Mary told John that they didn't think Alice was jealous
Tom drives a chance.
That asked me.
Give Tom how to do that?
The.
?
Re@@
Tom has no choice.
Tom doesn't care about Mary.
He will not get the exam.
I don't want my parents.
You're a fool.
Let's talk to help each other.
Can you tell me where I can do this?
Have you lost him?
Re@@
What a beautiful man
Man.
I'm not a chance.
It wants no one about that.
When do you come back?
My sister slept for each other.
Mosquitoes of the Betens of the stadium.
Why
I'll see it to me
He has no right to do that.
Tom loved something.
Do if you want to go to the way.
Mary told Tom that she thought John was to hear
Do you think I wouldn't come?
Tom wasn
We slept in you.
Tom gave him that he didn't read the book
When I have a diary in French.
Do you like often win?
I think I'd better go.
The two-,
Your face is ready.
Is Tom a prisoner?
Tom can't speak French.
Her talked, please.
Tom asked Mary what to do.
Tom put on the water.
They're unlucky.
Stay,
I think she's here.
Life is not a stupid thing.
It is not very important, isn't he?
I'm French.
The was.
The cat jumped on Tom.
I can't retire.
I saw him already
Is here in the party?
I had to go there alone.
I wonder what happened in Brazil.
The car gave up at a car accident.
My camera is one.
Tom won't help
If there are something I can do something for you?
He was here when I was the room.
Do you have a room with a room?
Get away!
Do you want to tell me the truth yet?
I have a bad television.
Tom has decided to give up that right now.
It's true.
Tom was honest.
How many languages can you speak well?
Tom told Mary that he said what John said
I heard a few years ago.
Do you know the family?
Does you drink beer?
I talked about Tom to say anything.
The re@@
I told me you're watching us
She's only two years old, but I feel like him.
Tom promised Mary promised John to help
We've been friends since years
The price is the largest eye of our child.
You can't do that.
He went out a big things.
To is a good worker for anything.
Mother is the teacher.
He wouldn't believe the money.
She sat down in the bus room.
He has been carried out.
You're a beautiful person
Are you this?
He eats nothing sense.
Give me that.
Why did you bought it?
He lived alone.
He took out of the bus.
Too cold,
Would you like to sleep.
She talks the whole time by you
The company was killed with you.
Do you miss your friends?
Tom must go now.
Give me a chance again.
Mary sat down in the bus room.
There are little to make a little this morning.
I was in the library.
Tom is.
Don't go to your wife there.
We like everyone.
I never heard it again.
Nobody wants to play with Mary.
?
She said I'd like to stop smoking
He lost his life in a accident.
I hope you come back soon
You have Tom.
What's wrong?
We have to speak to Tom again
Do you think Tom is afraid
I want to stay today.
In our.
Tom isn't here anymore
His room is twice as tall as
Tom refused to hear
"You can't put well.
Tom called Mary.
We're very good friends
Do you really do Tom?
He gave up.
See you how I get it.
Will you be small?
I'm really busy
How do you know that doesn't make it?
We'll have the city.
Leave Tom from Tom.
I should have done ready
Excuse me,
I just talked to Tom for a few minutes ago.
I didn't have to swim today.
Is it here in here?
Tom was tired
You're our family with him
He is busy at a students.
Just in the whole room to get out of the milk.
Tom fell asleep.
The trees should go on the shelf
You work very hard.
The latest is coming.
Didn't you have a joke?
Why
Don't tell me again
Come on.
Do you have a good books for children?
?
Tom is smart.
You should try to live.
I like up now
More than an hour.
Put you!
I have a message.
Listen to the horse.
He made his way to the window
The story doesn't make him at him.
I c@@
Tom is.
There's our teacher on the teacher.
There.
I'm surprised to leave me.
Tom said he didn't want to do that.
We don't want a people in our city.
But it's a type and we met him.
You tried to try to take someone to do that stupid.
I wonder when God.
The!
How are that?
You can't live in the city.
I'd better go to foot
Hello, is someone there?
You can leave my dictionary.
I know where Tom will be in three hours
Tom looked up, but he didn't have the doctor.
If it's a television.
Tom asked me his heart.
If you don't get along with your face, don't make up.
Tom kept suddenly.
Are you looking for us
?
O@@
No.
He was happy to find up.
No one can come.
We have a lot of rain in the world.
Can you understand Tom?
Mr. Mr.
He looks like it.
It doesn't easy it.
Mary is very exciting.
Tom and Mary are angry in John
Mary bought a new car for Christmas.
I wanted to buy the hair.
It's untrue.
Open the light!
?
The re@@
I'll never do that again
Tom said that.
He knows how to leave the rules.
The re@@
He's about as old as you.
Have we really have really eaten?
Take the street,
The children was covered with snow
You're unlucky.
I just want to talk to Tom before I knew
I was with my wife in French.
Let's start
No way to tell Tom what you saw here
I'd like to take a re@@
You're in a locelor, don't you?
Do you get a family?
You can't afford to kill anything.
Tom asked his work with his work
Don't you understand that?
Which one
I'm not sure I
My.
How long do you want to kill there?
Always make you your money.
I don't believe your telephone number
I think you're wrong
.
She stopped
His shoes turned off the car.
Re@@
May I do that?
No time, he has no mother of what you saw here
.
She married me for a mistake.
Don't tell me you can't get Tom Tom.
I understand you better than her.
Was Tom mad?
Both his parents are very nice to me.
The man was give up the police.
I think a re@@
Tom asked Mary for the accident.
Please keep my secret to you.
You have so beautiful.
Tom put him on him.
We think that they were married.
I was the only one who made up
You must be up.
Bell are you!
The wind made her hat the hat
I don't like this song.
I go to Boston in Boston.
My.
I know the city every day
She told me to take me before she got married.
Can you open the window?
Tom says with Mary.
He has his hair.
How will I come home?
Tom sold.
Mary told me that
Do you remember the fire on?
He's my wallet.
This is the best book that I have ever read
I'd like to write him a man in a job.
I don't think Tom is a spy.
I wonder if it's going to play there.
Who thought he is coming,
Why
The picture in the picture re@@
Where's she?
The statement will be true.
I'm sure Tom is really loved Mary
This statue is alive.
There are various about a few days ago.
Tom wants to say something.
Tom showed Mary his garden.
